berhasil | Thu Mar 12 03:49:18 WIB 2020
berhasil | Thu Mar 12 03:49:19 WIB 2020
*** berhasil !


berhasil | Thu Mar 12 03:56:01 WIB 2020
berhasil | Thu Mar 12 03:57:01 WIB 2020
d** berhasil !

berhasil | Thu Mar 12 03:59:00 WIB 2020
berhasil | Thu Mar 12 03:59:01 WIB 2020
berhasil | Thu Mar 12 03:59:02 WIB 2020
berhasil | Thu Mar 12 03:59:03 WIB 2020
berhasil | Thu Mar 12 03:59:04 WIB 2020
berhasil | Thu Mar 12 03:59:05 WIB 2020
berhasil | Thu Mar 12 03:59:06 WIB 2020
berhasil | Thu Mar 12 03:59:07 WIB 2020
berhasil | Thu Mar 12 03:59:08 WIB 2020
berhasil | Thu Mar 12 03:59:09 WIB 2020
berhasil | Thu Mar 12 03:59:10 WIB 2020
berhasil | Thu Mar 12 03:59:11 WIB 2020
berhasil | Thu Mar 12 03:59:12 WIB 2020
berhasil | Thu Mar 12 03:59:13 WIB 2020
berhasil | Thu Mar 12 03:59:14 WIB 2020
berhasil | Thu Mar 12 03:59:15 WIB 2020
berhasil | Thu Mar 12 03:59:16 WIB 2020
berhasil | Thu Mar 12 03:59:17 WIB 2020
berhasil | Thu Mar 12 03:59:18 WIB 2020
berhasil | Thu Mar 12 03:59:19 WIB 2020
berhasil | Thu Mar 12 03:59:20 WIB 2020
berhasil | Thu Mar 12 03:59:21 WIB 2020
berhasil | Thu Mar 12 03:59:23 WIB 2020
berhasil | Thu Mar 12 03:59:24 WIB 2020
berhasil | Thu Mar 12 03:59:25 WIB 2020
berhasil | Thu Mar 12 03:59:26 WIB 2020
berhasil | Thu Mar 12 03:59:27 WIB 2020
berhasil | Thu Mar 12 03:59:28 WIB 2020
berhasil | Thu Mar 12 03:59:29 WIB 2020
berhasil | Thu Mar 12 03:59:30 WIB 2020
berhasil | Thu Mar 12 03:59:31 WIB 2020
berhasil | Thu Mar 12 03:59:32 WIB 2020
berhasil | Thu Mar 12 03:59:33 WIB 2020
berhasil | Thu Mar 12 03:59:34 WIB 2020
berhasil | Thu Mar 12 03:59:35 WIB 2020
berhasil | Thu Mar 12 03:59:36 WIB 2020
berhasil | Thu Mar 12 03:59:37 WIB 2020
berhasil | Thu Mar 12 03:59:38 WIB 2020
berhasil | Thu Mar 12 03:59:39 WIB 2020
berhasil | Thu Mar 12 03:59:40 WIB 2020
berhasil | Thu Mar 12 03:59:41 WIB 2020
berhasil | Thu Mar 12 03:59:42 WIB 2020
berhasil | Thu Mar 12 03:59:43 WIB 2020
berhasil | Thu Mar 12 03:59:44 WIB 2020
berhasil | Thu Mar 12 03:59:45 WIB 2020
berhasil | Thu Mar 12 03:59:46 WIB 2020
berhasil | Thu Mar 12 03:59:47 WIB 2020
berhasil | Thu Mar 12 03:59:48 WIB 2020
berhasil | Thu Mar 12 03:59:49 WIB 2020
berhasil | Thu Mar 12 03:59:50 WIB 2020
berhasil | Thu Mar 12 03:59:51 WIB 2020
berhasil | Thu Mar 12 03:59:52 WIB 2020
berhasil | Thu Mar 12 03:59:53 WIB 2020
berhasil | Thu Mar 12 03:59:54 WIB 2020
berhasil | Thu Mar 12 03:59:55 WIB 2020
berhasil | Thu Mar 12 03:59:56 WIB 2020
berhasil | Thu Mar 12 03:59:57 WIB 2020
berhasil | Thu Mar 12 03:59:58 WIB 2020
berhasil | Thu Mar 12 03:59:59 WIB 2020
berhasil | Thu Mar 12 04:59:00 WIB 2020
berhasil | Thu Mar 12 04:59:01 WIB 2020
berhasil | Thu Mar 12 04:59:02 WIB 2020
berhasil | Thu Mar 12 04:59:03 WIB 2020
berhasil | Thu Mar 12 04:59:04 WIB 2020
berhasil | Thu Mar 12 04:59:05 WIB 2020
berhasil | Thu Mar 12 04:59:06 WIB 2020
berhasil | Thu Mar 12 04:59:07 WIB 2020
berhasil | Thu Mar 12 04:59:08 WIB 2020
berhasil | Thu Mar 12 04:59:09 WIB 2020
berhasil | Thu Mar 12 04:59:10 WIB 2020
berhasil | Thu Mar 12 04:59:11 WIB 2020
berhasil | Thu Mar 12 04:59:12 WIB 2020
berhasil | Thu Mar 12 04:59:13 WIB 2020
berhasil | Thu Mar 12 04:59:14 WIB 2020
berhasil | Thu Mar 12 04:59:15 WIB 2020
berhasil | Thu Mar 12 04:59:16 WIB 2020
berhasil | Thu Mar 12 04:59:17 WIB 2020
berhasil | Thu Mar 12 04:59:18 WIB 2020
berhasil | Thu Mar 12 04:59:19 WIB 2020
berhasil | Thu Mar 12 04:59:20 WIB 2020
berhasil | Thu Mar 12 04:59:21 WIB 2020
berhasil | Thu Mar 12 04:59:22 WIB 2020
berhasil | Thu Mar 12 04:59:23 WIB 2020
berhasil | Thu Mar 12 04:59:24 WIB 2020
berhasil | Thu Mar 12 04:59:25 WIB 2020
berhasil | Thu Mar 12 04:59:26 WIB 2020
berhasil | Thu Mar 12 04:59:27 WIB 2020
berhasil | Thu Mar 12 04:59:28 WIB 2020
berhasil | Thu Mar 12 04:59:29 WIB 2020
berhasil | Thu Mar 12 04:59:30 WIB 2020
berhasil | Thu Mar 12 04:59:31 WIB 2020
berhasil | Thu Mar 12 04:59:32 WIB 2020
berhasil | Thu Mar 12 04:59:33 WIB 2020
berhasil | Thu Mar 12 04:59:34 WIB 2020
berhasil | Thu Mar 12 04:59:35 WIB 2020
berhasil | Thu Mar 12 04:59:36 WIB 2020
berhasil | Thu Mar 12 04:59:37 WIB 2020
berhasil | Thu Mar 12 04:59:38 WIB 2020
berhasil | Thu Mar 12 04:59:39 WIB 2020
berhasil | Thu Mar 12 04:59:40 WIB 2020
berhasil | Thu Mar 12 04:59:41 WIB 2020
berhasil | Thu Mar 12 04:59:42 WIB 2020
berhasil | Thu Mar 12 04:59:43 WIB 2020
berhasil | Thu Mar 12 04:59:44 WIB 2020
berhasil | Thu Mar 12 04:59:45 WIB 2020
berhasil | Thu Mar 12 04:59:46 WIB 2020
berhasil | Thu Mar 12 04:59:47 WIB 2020
berhasil | Thu Mar 12 04:59:48 WIB 2020
berhasil | Thu Mar 12 04:59:49 WIB 2020
berhasil | Thu Mar 12 04:59:50 WIB 2020
berhasil | Thu Mar 12 04:59:51 WIB 2020
berhasil | Thu Mar 12 04:59:52 WIB 2020
berhasil | Thu Mar 12 04:59:53 WIB 2020
berhasil | Thu Mar 12 04:59:54 WIB 2020
berhasil | Thu Mar 12 04:59:55 WIB 2020
berhasil | Thu Mar 12 04:59:56 WIB 2020
berhasil | Thu Mar 12 04:59:57 WIB 2020
berhasil | Thu Mar 12 04:59:58 WIB 2020
berhasil | Thu Mar 12 04:59:59 WIB 2020
*m* berhasil !


berhasil | Thu Mar 12 05:03:23 WIB 2020
berhasil | Thu Mar 12 05:03:24 WIB 2020
berhasil | Thu Mar 12 05:03:25 WIB 2020
berhasil | Thu Mar 12 05:03:26 WIB 2020
berhasil | Thu Mar 12 05:03:27 WIB 2020
berhasil | Thu Mar 12 05:03:28 WIB 2020
berhasil | Thu Mar 12 05:03:29 WIB 2020
berhasil | Thu Mar 12 05:03:30 WIB 2020
berhasil | Thu Mar 12 05:03:31 WIB 2020
berhasil | Thu Mar 12 05:03:32 WIB 2020
berhasil | Thu Mar 12 05:03:33 WIB 2020
berhasil | Thu Mar 12 05:03:34 WIB 2020
berhasil | Thu Mar 12 05:04:00 WIB 2020
berhasil | Thu Mar 12 05:07:00 WIB 2020
berhasil | Thu Mar 12 05:13:00 WIB 2020
berhasil | Thu Mar 12 05:19:00 WIB 2020
berhasil | Thu Mar 12 05:20:00 WIB 2020
berhasil | Thu Mar 12 05:20:01 WIB 2020
berhasil | Thu Mar 12 05:20:02 WIB 2020
berhasil | Thu Mar 12 05:20:03 WIB 2020
berhasil | Thu Mar 12 05:27:00 WIB 2020
berhasil | Thu Mar 12 05:33:00 WIB 2020
berhasil | Thu Mar 12 05:40:00 WIB 2020
berhasil | Thu Mar 12 05:45:00 WIB 2020
berhasil | Thu Mar 12 05:51:00 WIB 2020
berhasil | Thu Mar 12 05:55:00 WIB 2020
berhasil | Thu Mar 12 05:57:00 WIB 2020
berhasil | Thu Mar 12 05:59:00 WIB 2020
berhasil | Thu Mar 12 05:59:01 WIB 2020
berhasil | Thu Mar 12 05:59:02 WIB 2020
berhasil | Thu Mar 12 05:59:03 WIB 2020
berhasil | Thu Mar 12 05:59:04 WIB 2020
berhasil | Thu Mar 12 05:59:05 WIB 2020
berhasil | Thu Mar 12 05:59:06 WIB 2020
berhasil | Thu Mar 12 05:59:07 WIB 2020
berhasil | Thu Mar 12 05:59:08 WIB 2020
berhasil | Thu Mar 12 05:59:09 WIB 2020
berhasil | Thu Mar 12 05:59:10 WIB 2020
berhasil | Thu Mar 12 05:59:11 WIB 2020
berhasil | Thu Mar 12 05:59:12 WIB 2020
berhasil | Thu Mar 12 05:59:13 WIB 2020
berhasil | Thu Mar 12 05:59:14 WIB 2020
berhasil | Thu Mar 12 05:59:15 WIB 2020
berhasil | Thu Mar 12 05:59:16 WIB 2020
berhasil | Thu Mar 12 05:59:17 WIB 2020
berhasil | Thu Mar 12 05:59:18 WIB 2020
berhasil | Thu Mar 12 05:59:19 WIB 2020
berhasil | Thu Mar 12 05:59:20 WIB 2020
berhasil | Thu Mar 12 05:59:21 WIB 2020
berhasil | Thu Mar 12 05:59:22 WIB 2020
berhasil | Thu Mar 12 05:59:23 WIB 2020
berhasil | Thu Mar 12 05:59:24 WIB 2020
berhasil | Thu Mar 12 05:59:25 WIB 2020
berhasil | Thu Mar 12 05:59:26 WIB 2020
berhasil | Thu Mar 12 05:59:27 WIB 2020
berhasil | Thu Mar 12 05:59:28 WIB 2020
berhasil | Thu Mar 12 05:59:29 WIB 2020
berhasil | Thu Mar 12 05:59:30 WIB 2020
berhasil | Thu Mar 12 05:59:31 WIB 2020
berhasil | Thu Mar 12 05:59:32 WIB 2020
berhasil | Thu Mar 12 05:59:33 WIB 2020
berhasil | Thu Mar 12 05:59:34 WIB 2020
berhasil | Thu Mar 12 05:59:35 WIB 2020
berhasil | Thu Mar 12 05:59:36 WIB 2020
berhasil | Thu Mar 12 05:59:37 WIB 2020
berhasil | Thu Mar 12 05:59:38 WIB 2020
berhasil | Thu Mar 12 05:59:39 WIB 2020
berhasil | Thu Mar 12 05:59:40 WIB 2020
berhasil | Thu Mar 12 05:59:41 WIB 2020
berhasil | Thu Mar 12 05:59:42 WIB 2020
berhasil | Thu Mar 12 05:59:43 WIB 2020
berhasil | Thu Mar 12 05:59:44 WIB 2020
berhasil | Thu Mar 12 05:59:45 WIB 2020
berhasil | Thu Mar 12 05:59:46 WIB 2020
berhasil | Thu Mar 12 05:59:47 WIB 2020
berhasil | Thu Mar 12 05:59:48 WIB 2020
berhasil | Thu Mar 12 05:59:49 WIB 2020
berhasil | Thu Mar 12 05:59:50 WIB 2020
berhasil | Thu Mar 12 05:59:51 WIB 2020
berhasil | Thu Mar 12 05:59:52 WIB 2020
berhasil | Thu Mar 12 05:59:53 WIB 2020
berhasil | Thu Mar 12 05:59:54 WIB 2020
berhasil | Thu Mar 12 05:59:55 WIB 2020
berhasil | Thu Mar 12 05:59:56 WIB 2020
berhasil | Thu Mar 12 05:59:57 WIB 2020
berhasil | Thu Mar 12 05:59:58 WIB 2020
berhasil | Thu Mar 12 05:59:59 WIB 2020
berhasil | Fri Mar 13 05:00:00 WIB 2020
berhasil | Fri Mar 13 05:00:01 WIB 2020
berhasil | Fri Mar 13 05:00:02 WIB 2020
berhasil | Fri Mar 13 05:00:03 WIB 2020
berhasil | Fri Mar 13 05:00:04 WIB 2020
berhasil | Fri Mar 13 05:00:05 WIB 2020
berhasil | Fri Mar 13 05:00:06 WIB 2020
berhasil | Fri Mar 13 05:00:07 WIB 2020
berhasil | Fri Mar 13 05:00:08 WIB 2020
berhasil | Fri Mar 13 05:00:09 WIB 2020
berhasil | Fri Mar 13 05:00:10 WIB 2020
berhasil | Fri Mar 13 05:00:11 WIB 2020
berhasil | Fri Mar 13 05:00:12 WIB 2020
berhasil | Fri Mar 13 05:00:13 WIB 2020
berhasil | Fri Mar 13 05:00:14 WIB 2020
berhasil | Fri Mar 13 05:00:15 WIB 2020
berhasil | Fri Mar 13 05:00:16 WIB 2020
berhasil | Fri Mar 13 05:00:17 WIB 2020
berhasil | Fri Mar 13 05:00:18 WIB 2020
berhasil | Fri Mar 13 05:00:19 WIB 2020
berhasil | Fri Mar 13 05:00:20 WIB 2020
berhasil | Fri Mar 13 05:00:21 WIB 2020
berhasil | Fri Mar 13 05:00:22 WIB 2020
berhasil | Fri Mar 13 05:00:23 WIB 2020
berhasil | Fri Mar 13 05:00:24 WIB 2020
berhasil | Fri Mar 13 05:00:25 WIB 2020
berhasil | Fri Mar 13 05:00:26 WIB 2020
berhasil | Fri Mar 13 05:00:27 WIB 2020
berhasil | Fri Mar 13 05:00:28 WIB 2020
berhasil | Fri Mar 13 05:00:29 WIB 2020
berhasil | Fri Mar 13 05:00:30 WIB 2020
berhasil | Fri Mar 13 05:00:31 WIB 2020
berhasil | Fri Mar 13 05:00:32 WIB 2020
berhasil | Fri Mar 13 05:00:33 WIB 2020
berhasil | Fri Mar 13 05:00:34 WIB 2020
berhasil | Fri Mar 13 05:00:35 WIB 2020
berhasil | Fri Mar 13 05:00:36 WIB 2020
berhasil | Fri Mar 13 05:00:37 WIB 2020
berhasil | Fri Mar 13 05:00:38 WIB 2020
berhasil | Fri Mar 13 05:00:39 WIB 2020
berhasil | Fri Mar 13 05:00:40 WIB 2020
berhasil | Fri Mar 13 05:00:41 WIB 2020
berhasil | Fri Mar 13 05:00:42 WIB 2020
berhasil | Fri Mar 13 05:00:43 WIB 2020
berhasil | Fri Mar 13 05:00:44 WIB 2020
berhasil | Fri Mar 13 05:00:45 WIB 2020
berhasil | Fri Mar 13 05:00:46 WIB 2020
berhasil | Fri Mar 13 05:00:47 WIB 2020
berhasil | Fri Mar 13 05:00:48 WIB 2020
berhasil | Fri Mar 13 05:00:49 WIB 2020
berhasil | Fri Mar 13 05:00:50 WIB 2020
berhasil | Fri Mar 13 05:00:51 WIB 2020
berhasil | Fri Mar 13 05:00:52 WIB 2020
berhasil | Fri Mar 13 05:00:53 WIB 2020
berhasil | Fri Mar 13 05:00:54 WIB 2020
berhasil | Fri Mar 13 05:00:56 WIB 2020
berhasil | Fri Mar 13 05:00:57 WIB 2020
berhasil | Fri Mar 13 05:00:58 WIB 2020
berhasil | Fri Mar 13 05:00:59 WIB 2020
berhasil | Fri Mar 13 05:01:00 WIB 2020
berhasil | Fri Mar 13 05:01:01 WIB 2020
berhasil | Fri Mar 13 05:01:02 WIB 2020
berhasil | Fri Mar 13 05:01:03 WIB 2020
berhasil | Fri Mar 13 05:01:04 WIB 2020
berhasil | Fri Mar 13 05:01:05 WIB 2020
berhasil | Fri Mar 13 05:01:06 WIB 2020
berhasil | Fri Mar 13 05:01:07 WIB 2020
berhasil | Fri Mar 13 05:01:08 WIB 2020
berhasil | Fri Mar 13 05:01:09 WIB 2020
berhasil | Fri Mar 13 05:01:10 WIB 2020
berhasil | Fri Mar 13 05:01:11 WIB 2020
berhasil | Fri Mar 13 05:01:12 WIB 2020
berhasil | Fri Mar 13 05:01:13 WIB 2020
berhasil | Fri Mar 13 05:01:14 WIB 2020
berhasil | Fri Mar 13 05:01:15 WIB 2020
berhasil | Fri Mar 13 05:01:16 WIB 2020
berhasil | Fri Mar 13 05:01:17 WIB 2020
berhasil | Fri Mar 13 05:01:18 WIB 2020
berhasil | Fri Mar 13 05:01:19 WIB 2020
berhasil | Fri Mar 13 05:01:20 WIB 2020
berhasil | Fri Mar 13 05:01:21 WIB 2020
berhasil | Fri Mar 13 05:01:22 WIB 2020
berhasil | Fri Mar 13 05:01:23 WIB 2020
berhasil | Fri Mar 13 05:01:24 WIB 2020
berhasil | Fri Mar 13 05:01:25 WIB 2020
berhasil | Fri Mar 13 05:01:26 WIB 2020
berhasil | Fri Mar 13 05:01:27 WIB 2020
berhasil | Fri Mar 13 05:01:28 WIB 2020
berhasil | Fri Mar 13 05:01:29 WIB 2020
berhasil | Fri Mar 13 05:01:30 WIB 2020
berhasil | Fri Mar 13 05:01:31 WIB 2020
berhasil | Fri Mar 13 05:01:32 WIB 2020
berhasil | Fri Mar 13 05:01:33 WIB 2020
berhasil | Fri Mar 13 05:01:34 WIB 2020
berhasil | Fri Mar 13 05:01:35 WIB 2020
**j berhasil !


berhasil | Fri Mar 13 05:07:00 WIB 2020
berhasil | Fri Mar 13 05:07:01 WIB 2020
berhasil | Fri Mar 13 05:07:02 WIB 2020
berhasil | Fri Mar 13 05:07:03 WIB 2020
berhasil | Fri Mar 13 05:07:04 WIB 2020
berhasil | Fri Mar 13 05:07:05 WIB 2020
berhasil | Fri Mar 13 05:07:06 WIB 2020
berhasil | Fri Mar 13 05:07:07 WIB 2020
berhasil | Fri Mar 13 05:07:08 WIB 2020
berhasil | Fri Mar 13 05:07:09 WIB 2020
berhasil | Fri Mar 13 05:07:10 WIB 2020
berhasil | Fri Mar 13 05:07:11 WIB 2020
berhasil | Fri Mar 13 05:07:12 WIB 2020
berhasil | Fri Mar 13 05:07:13 WIB 2020
berhasil | Fri Mar 13 05:07:14 WIB 2020
berhasil | Fri Mar 13 05:07:15 WIB 2020
berhasil | Fri Mar 13 05:07:16 WIB 2020
berhasil | Fri Mar 13 05:07:17 WIB 2020
berhasil | Fri Mar 13 05:07:18 WIB 2020
berhasil | Fri Mar 13 05:07:19 WIB 2020
berhasil | Fri Mar 13 05:07:20 WIB 2020
berhasil | Fri Mar 13 05:07:21 WIB 2020
berhasil | Fri Mar 13 05:07:22 WIB 2020
berhasil | Fri Mar 13 05:07:23 WIB 2020
berhasil | Fri Mar 13 05:07:24 WIB 2020
berhasil | Fri Mar 13 05:07:25 WIB 2020
berhasil | Fri Mar 13 05:07:26 WIB 2020
berhasil | Fri Mar 13 05:07:27 WIB 2020
berhasil | Fri Mar 13 05:07:28 WIB 2020
berhasil | Fri Mar 13 05:07:29 WIB 2020
berhasil | Fri Mar 13 05:07:30 WIB 2020
berhasil | Fri Mar 13 05:07:31 WIB 2020
berhasil | Fri Mar 13 05:07:32 WIB 2020
berhasil | Fri Mar 13 05:07:33 WIB 2020
berhasil | Fri Mar 13 05:07:34 WIB 2020
berhasil | Fri Mar 13 05:07:35 WIB 2020
berhasil | Fri Mar 13 05:07:36 WIB 2020
berhasil | Fri Mar 13 05:07:37 WIB 2020
berhasil | Fri Mar 13 05:07:38 WIB 2020
berhasil | Fri Mar 13 05:07:39 WIB 2020
berhasil | Fri Mar 13 05:07:40 WIB 2020
berhasil | Fri Mar 13 05:07:41 WIB 2020
berhasil | Fri Mar 13 05:07:42 WIB 2020
berhasil | Fri Mar 13 05:07:43 WIB 2020
berhasil | Fri Mar 13 05:07:44 WIB 2020
berhasil | Fri Mar 13 05:07:45 WIB 2020
berhasil | Fri Mar 13 05:07:46 WIB 2020
berhasil | Fri Mar 13 05:07:47 WIB 2020
berhasil | Fri Mar 13 05:07:48 WIB 2020
berhasil | Fri Mar 13 05:07:49 WIB 2020
berhasil | Fri Mar 13 05:07:50 WIB 2020
berhasil | Fri Mar 13 05:07:51 WIB 2020
berhasil | Fri Mar 13 05:07:52 WIB 2020
berhasil | Fri Mar 13 05:07:53 WIB 2020
berhasil | Fri Mar 13 05:07:54 WIB 2020
berhasil | Fri Mar 13 05:07:55 WIB 2020
berhasil | Fri Mar 13 05:07:56 WIB 2020
berhasil | Fri Mar 13 05:07:57 WIB 2020
berhasil | Fri Mar 13 05:07:58 WIB 2020
berhasil | Fri Mar 13 05:07:59 WIB 2020
berhasil | Fri Mar 13 05:07:00 WIB 2020
berhasil | Fri Mar 13 05:07:01 WIB 2020
berhasil | Fri Mar 13 05:07:02 WIB 2020
berhasil | Fri Mar 13 05:07:03 WIB 2020
berhasil | Fri Mar 13 05:07:04 WIB 2020

berhasil | Sat Mar 14 05:07:00 WIB 2020
berhasil | Sat Mar 14 05:07:01 WIB 2020
berhasil | Sat Mar 14 05:07:02 WIB 2020
berhasil | Sat Mar 14 05:07:03 WIB 2020
berhasil | Sat Mar 14 05:07:04 WIB 2020
berhasil | Sat Mar 14 05:07:05 WIB 2020
berhasil | Sat Mar 14 05:07:06 WIB 2020
berhasil | Sat Mar 14 05:07:07 WIB 2020
berhasil | Sat Mar 14 05:07:08 WIB 2020
berhasil | Sat Mar 14 05:07:09 WIB 2020
berhasil | Sat Mar 14 05:07:10 WIB 2020
berhasil | Sat Mar 14 05:07:11 WIB 2020
berhasil | Sat Mar 14 05:07:12 WIB 2020
berhasil | Sat Mar 14 05:07:13 WIB 2020
berhasil | Sat Mar 14 05:07:14 WIB 2020
berhasil | Sat Mar 14 05:07:15 WIB 2020
berhasil | Sat Mar 14 05:07:16 WIB 2020
berhasil | Sat Mar 14 05:07:17 WIB 2020
berhasil | Sat Mar 14 05:07:18 WIB 2020
berhasil | Sat Mar 14 05:07:19 WIB 2020
berhasil | Sat Mar 14 05:07:20 WIB 2020
berhasil | Sat Mar 14 05:07:21 WIB 2020
berhasil | Sat Mar 14 05:07:22 WIB 2020
berhasil | Sat Mar 14 05:07:23 WIB 2020
berhasil | Sat Mar 14 05:07:24 WIB 2020
berhasil | Sat Mar 14 05:07:25 WIB 2020
berhasil | Sat Mar 14 05:07:26 WIB 2020
berhasil | Sat Mar 14 05:07:27 WIB 2020
berhasil | Sat Mar 14 05:07:28 WIB 2020
berhasil | Sat Mar 14 05:07:29 WIB 2020
berhasil | Sat Mar 14 05:07:30 WIB 2020
berhasil | Sat Mar 14 05:07:31 WIB 2020
berhasil | Sat Mar 14 05:07:32 WIB 2020
berhasil | Sat Mar 14 05:07:33 WIB 2020
berhasil | Sat Mar 14 05:07:34 WIB 2020
berhasil | Sat Mar 14 05:07:35 WIB 2020
berhasil | Sat Mar 14 05:07:36 WIB 2020
berhasil | Sat Mar 14 05:07:37 WIB 2020
berhasil | Sat Mar 14 05:07:38 WIB 2020
berhasil | Sat Mar 14 05:07:39 WIB 2020
berhasil | Sat Mar 14 05:07:40 WIB 2020
berhasil | Sat Mar 14 05:07:41 WIB 2020
berhasil | Sat Mar 14 05:07:42 WIB 2020
berhasil | Sat Mar 14 05:07:43 WIB 2020
berhasil | Sat Mar 14 05:07:44 WIB 2020
berhasil | Sat Mar 14 05:07:45 WIB 2020
berhasil | Sat Mar 14 05:07:46 WIB 2020
berhasil | Sat Mar 14 05:07:47 WIB 2020
berhasil | Sat Mar 14 05:07:48 WIB 2020
berhasil | Sat Mar 14 05:07:49 WIB 2020
berhasil | Sat Mar 14 05:07:50 WIB 2020
berhasil | Sat Mar 14 05:07:51 WIB 2020
berhasil | Sat Mar 14 05:07:52 WIB 2020
berhasil | Sat Mar 14 05:07:53 WIB 2020
berhasil | Sat Mar 14 05:07:54 WIB 2020
berhasil | Sat Mar 14 05:07:55 WIB 2020
berhasil | Sat Mar 14 05:07:56 WIB 2020
berhasil | Sat Mar 14 05:07:57 WIB 2020
berhasil | Sat Mar 14 05:07:58 WIB 2020
berhasil | Sat Mar 14 05:07:59 WIB 2020
*mj berhasil !


berhasil | Sat Mar 14 05:13:13 WIB 2020
berhasil | Sat Mar 14 05:14:13 WIB 2020
berhasil | Sat Mar 14 05:15:13 WIB 2020
berhasil | Sat Mar 14 05:16:13 WIB 2020
berhasil | Sat Mar 14 05:17:13 WIB 2020
d*j berhasil !


berhasil | Sat Mar 14 05:19:13 WIB 2020
berhasil | Sat Mar 14 06:19:13 WIB 2020
dm* berhasil !


berhasil | Sat Mar 14 06:21:00 WIB 2020
berhasil | Sun Mar 15 06:21:00 WIB 2020
dmj berhasil !
